2018-05-19 15:00:10,308 INFO Runtime params:
2018-05-19 15:00:10,308 INFO ----------------
2018-05-19 15:00:10,309 INFO batch_size: 70
2018-05-19 15:00:10,309 INFO dropout: 0.3
2018-05-19 15:00:10,309 INFO epochs: 35
2018-05-19 15:00:10,309 INFO error_buffer: 100
2018-05-19 15:00:10,309 INFO l_s: 250
2018-05-19 15:00:10,309 INFO layers: [80, 80]
2018-05-19 15:00:10,309 INFO loss_metric: mse
2018-05-19 15:00:10,309 INFO lstm_batch_size: 64
2018-05-19 15:00:10,309 INFO min_delta: 0.0003
2018-05-19 15:00:10,309 INFO n_predictions: 10
2018-05-19 15:00:10,309 INFO optimizer: adam
2018-05-19 15:00:10,309 INFO p: 0.13
2018-05-19 15:00:10,310 INFO patience: 10
2018-05-19 15:00:10,310 INFO predict: False
2018-05-19 15:00:10,310 INFO smoothing_perc: 0.05
2018-05-19 15:00:10,310 INFO train: False
2018-05-19 15:00:10,310 INFO validation_split: 0.2
2018-05-19 15:00:10,310 INFO window_size: 30
2018-05-19 15:00:10,310 INFO ----------------

2018-05-19 15:00:10,310 INFO Stream # 1: P-1
2018-05-19 15:00:10,926 INFO normalized prediction error: 0.08504268400239143
2018-05-19 15:00:17,772 INFO TP: 2  FP: 1  FN: 1
2018-05-19 15:00:17,772 INFO Total true positives: 2
2018-05-19 15:00:17,772 INFO Total false positives: 1
2018-05-19 15:00:17,773 INFO Total false negatives: 1

2018-05-19 15:00:17,773 INFO Stream # 2: S-1
2018-05-19 15:00:18,472 INFO normalized prediction error: 0.1910579648081831
2018-05-19 15:00:26,088 INFO TP: 1  FP: 0  FN: 0
2018-05-19 15:00:26,089 INFO Total true positives: 3
2018-05-19 15:00:26,089 INFO Total false positives: 1
2018-05-19 15:00:26,089 INFO Total false negatives: 1

2018-05-19 15:00:26,089 INFO Stream # 3: E-1
2018-05-19 15:00:26,545 INFO normalized prediction error: 0.06767098464716097
2018-05-19 15:00:37,027 INFO TP: 2  FP: 1  FN: 0
2018-05-19 15:00:37,028 INFO Total true positives: 5
2018-05-19 15:00:37,028 INFO Total false positives: 2
2018-05-19 15:00:37,028 INFO Total false negatives: 1

2018-05-19 15:00:37,028 INFO Stream # 4: E-2
2018-05-19 15:00:37,789 INFO normalized prediction error: 0.06881594005557672
2018-05-19 15:00:44,393 INFO TP: 1  FP: 0  FN: 0
2018-05-19 15:00:44,393 INFO Total true positives: 6
2018-05-19 15:00:44,393 INFO Total false positives: 2
2018-05-19 15:00:44,393 INFO Total false negatives: 1

2018-05-19 15:00:44,394 INFO Stream # 5: E-3
2018-05-19 15:00:45,150 INFO normalized prediction error: 0.017729204976301573
2018-05-19 15:00:51,665 INFO TP: 1  FP: 0  FN: 0
2018-05-19 15:00:51,665 INFO Total true positives: 7
2018-05-19 15:00:51,665 INFO Total false positives: 2
2018-05-19 15:00:51,665 INFO Total false negatives: 1

2018-05-19 15:00:51,665 INFO Stream # 6: E-4
2018-05-19 15:00:52,193 INFO normalized prediction error: 0.0550962263158321
2018-05-19 15:00:56,250 INFO TP: 1  FP: 0  FN: 0
2018-05-19 15:00:56,250 INFO Total true positives: 8
2018-05-19 15:00:56,250 INFO Total false positives: 2
2018-05-19 15:00:56,250 INFO Total false negatives: 1

2018-05-19 15:00:56,250 INFO Stream # 7: E-5
2018-05-19 15:00:56,918 INFO normalized prediction error: 0.08285122106251934
2018-05-19 15:01:00,967 INFO TP: 1  FP: 0  FN: 0
2018-05-19 15:01:00,967 INFO Total true positives: 9
2018-05-19 15:01:00,967 INFO Total false positives: 2
2018-05-19 15:01:00,967 INFO Total false negatives: 1

2018-05-19 15:01:00,967 INFO Stream # 8: E-6
2018-05-19 15:01:01,583 INFO normalized prediction error: 0.008470638074944211
2018-05-19 15:01:09,600 INFO TP: 1  FP: 0  FN: 0
2018-05-19 15:01:09,600 INFO Total true positives: 10
2018-05-19 15:01:09,600 INFO Total false positives: 2
2018-05-19 15:01:09,600 INFO Total false negatives: 1

2018-05-19 15:01:09,600 INFO Stream # 9: E-7
2018-05-19 15:01:10,196 INFO normalized prediction error: 0.025006510542752904
2018-05-19 15:01:20,645 INFO TP: 1  FP: 0  FN: 0
2018-05-19 15:01:20,645 INFO Total true positives: 11
2018-05-19 15:01:20,645 INFO Total false positives: 2
2018-05-19 15:01:20,645 INFO Total false negatives: 1

2018-05-19 15:01:20,645 INFO Stream # 10: E-8
2018-05-19 15:01:21,377 INFO normalized prediction error: 0.06826617166365764
2018-05-19 15:01:24,703 INFO TP: 1  FP: 0  FN: 0
2018-05-19 15:01:24,703 INFO Total true positives: 12
2018-05-19 15:01:24,703 INFO Total false positives: 2
2018-05-19 15:01:24,703 INFO Total false negatives: 1

2018-05-19 15:01:24,704 INFO Stream # 11: E-9
2018-05-19 15:01:25,158 INFO normalized prediction error: 0.045882516508407994
2018-05-19 15:01:28,176 INFO TP: 1  FP: 0  FN: 0
2018-05-19 15:01:28,177 INFO Total true positives: 13
2018-05-19 15:01:28,177 INFO Total false positives: 2
2018-05-19 15:01:28,177 INFO Total false negatives: 1

2018-05-19 15:01:28,177 INFO Stream # 12: E-10
2018-05-19 15:01:28,802 INFO normalized prediction error: 0.07062565687494626
2018-05-19 15:01:38,535 INFO TP: 2  FP: 1  FN: 0
2018-05-19 15:01:38,535 INFO Total true positives: 15
2018-05-19 15:01:38,535 INFO Total false positives: 3
2018-05-19 15:01:38,535 INFO Total false negatives: 1

2018-05-19 15:01:38,535 INFO Stream # 13: E-11
2018-05-19 15:01:39,204 INFO normalized prediction error: 0.07556840687911799
2018-05-19 15:01:49,141 INFO TP: 2  FP: 1  FN: 0
2018-05-19 15:01:49,141 INFO Total true positives: 17
2018-05-19 15:01:49,141 INFO Total false positives: 4
2018-05-19 15:01:49,141 INFO Total false negatives: 1

2018-05-19 15:01:49,142 INFO Stream # 14: E-12
2018-05-19 15:01:49,634 INFO normalized prediction error: 0.06191818691774454
2018-05-19 15:01:55,881 INFO TP: 1  FP: 1  FN: 1
2018-05-19 15:01:55,882 INFO Total true positives: 18
2018-05-19 15:01:55,882 INFO Total false positives: 5
2018-05-19 15:01:55,882 INFO Total false negatives: 2

2018-05-19 15:01:55,882 INFO Stream # 15: E-13
2018-05-19 15:01:56,469 INFO normalized prediction error: 0.06053150637609552
2018-05-19 15:02:02,228 INFO TP: 1  FP: 0  FN: 2
2018-05-19 15:02:02,228 INFO Total true positives: 19
2018-05-19 15:02:02,228 INFO Total false positives: 5
2018-05-19 15:02:02,228 INFO Total false negatives: 4

2018-05-19 15:02:02,228 INFO Stream # 16: A-1
2018-05-19 15:02:02,842 INFO normalized prediction error: 0.012466907437206168
2018-05-19 15:02:10,593 INFO TP: 1  FP: 0  FN: 0
2018-05-19 15:02:10,593 INFO Total true positives: 20
2018-05-19 15:02:10,593 INFO Total false positives: 5
2018-05-19 15:02:10,593 INFO Total false negatives: 4

2018-05-19 15:02:10,593 INFO Stream # 17: D-1
2018-05-19 15:02:11,091 INFO normalized prediction error: 0.07326525651190066
2018-05-19 15:02:17,507 INFO TP: 1  FP: 0  FN: 0
2018-05-19 15:02:17,507 INFO Total true positives: 21
2018-05-19 15:02:17,507 INFO Total false positives: 5
2018-05-19 15:02:17,507 INFO Total false negatives: 4

2018-05-19 15:02:17,507 INFO Stream # 18: P-2
2018-05-19 15:02:18,039 INFO normalized prediction error: 0.05388438738300663
2018-05-19 15:02:21,964 INFO TP: 1  FP: 0  FN: 0
2018-05-19 15:02:21,964 INFO Total true positives: 22
2018-05-19 15:02:21,964 INFO Total false positives: 5
2018-05-19 15:02:21,964 INFO Total false negatives: 4

2018-05-19 15:02:21,964 INFO Stream # 19: P-3
2018-05-19 15:02:22,537 INFO normalized prediction error: 0.0362525603243089
2018-05-19 15:02:28,254 INFO TP: 1  FP: 0  FN: 0
2018-05-19 15:02:28,255 INFO Total true positives: 23
2018-05-19 15:02:28,255 INFO Total false positives: 5
2018-05-19 15:02:28,255 INFO Total false negatives: 4

2018-05-19 15:02:28,255 INFO Stream # 20: D-2
2018-05-19 15:02:28,993 INFO normalized prediction error: 0.02016029494519032
2018-05-19 15:02:34,806 INFO TP: 1  FP: 0  FN: 0
2018-05-19 15:02:34,806 INFO Total true positives: 24
2018-05-19 15:02:34,806 INFO Total false positives: 5
2018-05-19 15:02:34,806 INFO Total false negatives: 4

2018-05-19 15:02:34,806 INFO Stream # 21: D-3
2018-05-19 15:02:35,327 INFO normalized prediction error: 0.0563718073335617
2018-05-19 15:02:39,976 INFO TP: 1  FP: 0  FN: 0
2018-05-19 15:02:39,977 INFO Total true positives: 25
2018-05-19 15:02:39,977 INFO Total false positives: 5
2018-05-19 15:02:39,977 INFO Total false negatives: 4

2018-05-19 15:02:39,977 INFO Stream # 22: D-4
2018-05-19 15:02:40,753 INFO normalized prediction error: 0.047635769302921085
2018-05-19 15:02:45,543 INFO TP: 1  FP: 0  FN: 0
2018-05-19 15:02:45,543 INFO Total true positives: 26
2018-05-19 15:02:45,543 INFO Total false positives: 5
2018-05-19 15:02:45,543 INFO Total false negatives: 4

2018-05-19 15:02:45,543 INFO Stream # 23: A-2
2018-05-19 15:02:46,210 INFO normalized prediction error: 0.07482639799114815
2018-05-19 15:02:53,866 INFO TP: 1  FP: 2  FN: 0
2018-05-19 15:02:53,866 INFO Total true positives: 27
2018-05-19 15:02:53,866 INFO Total false positives: 7
2018-05-19 15:02:53,866 INFO Total false negatives: 4

2018-05-19 15:02:53,866 INFO Stream # 24: A-3
2018-05-19 15:02:54,397 INFO normalized prediction error: 0.04875772269698467
2018-05-19 15:03:00,971 INFO TP: 1  FP: 0  FN: 0
2018-05-19 15:03:00,971 INFO Total true positives: 28
2018-05-19 15:03:00,971 INFO Total false positives: 7
2018-05-19 15:03:00,972 INFO Total false negatives: 4

2018-05-19 15:03:00,972 INFO Stream # 25: A-4
2018-05-19 15:03:01,427 INFO normalized prediction error: 0.056313823135105634
2018-05-19 15:03:08,829 INFO TP: 1  FP: 0  FN: 0
2018-05-19 15:03:08,829 INFO Total true positives: 29
2018-05-19 15:03:08,829 INFO Total false positives: 7
2018-05-19 15:03:08,829 INFO Total false negatives: 4

2018-05-19 15:03:08,829 INFO Stream # 26: G-1
2018-05-19 15:03:09,326 INFO normalized prediction error: 0.06539900038243478
2018-05-19 15:03:13,834 INFO TP: 0  FP: 1  FN: 1
2018-05-19 15:03:13,834 INFO Total true positives: 29
2018-05-19 15:03:13,834 INFO Total false positives: 8
2018-05-19 15:03:13,834 INFO Total false negatives: 5

2018-05-19 15:03:13,834 INFO Stream # 27: G-2
2018-05-19 15:03:14,286 INFO normalized prediction error: 0.007272604695005729
2018-05-19 15:03:19,416 INFO TP: 1  FP: 0  FN: 0
2018-05-19 15:03:19,416 INFO Total true positives: 30
2018-05-19 15:03:19,416 INFO Total false positives: 8
2018-05-19 15:03:19,416 INFO Total false negatives: 5

2018-05-19 15:03:19,416 INFO Stream # 28: D-5
2018-05-19 15:03:19,773 INFO normalized prediction error: 0.11522688701159733
2018-05-19 15:03:24,628 INFO TP: 1  FP: 0  FN: 0
2018-05-19 15:03:24,628 INFO Total true positives: 31
2018-05-19 15:03:24,628 INFO Total false positives: 8
2018-05-19 15:03:24,628 INFO Total false negatives: 5

2018-05-19 15:03:24,628 INFO Stream # 29: D-6
2018-05-19 15:03:25,119 INFO normalized prediction error: 0.045726233067807306
2018-05-19 15:03:31,254 INFO TP: 1  FP: 0  FN: 0
2018-05-19 15:03:31,254 INFO Total true positives: 32
2018-05-19 15:03:31,254 INFO Total false positives: 8
2018-05-19 15:03:31,254 INFO Total false negatives: 5

2018-05-19 15:03:31,254 INFO Stream # 30: D-7
2018-05-19 15:03:31,818 INFO normalized prediction error: 0.0461309625401556
2018-05-19 15:03:38,539 INFO TP: 1  FP: 0  FN: 0
2018-05-19 15:03:38,539 INFO Total true positives: 33
2018-05-19 15:03:38,539 INFO Total false positives: 8
2018-05-19 15:03:38,539 INFO Total false negatives: 5

2018-05-19 15:03:38,539 INFO Stream # 31: F-1
2018-05-19 15:03:39,271 INFO normalized prediction error: 0.09898961946319498
2018-05-19 15:03:44,819 INFO TP: 0  FP: 1  FN: 1
2018-05-19 15:03:44,819 INFO Total true positives: 33
2018-05-19 15:03:44,819 INFO Total false positives: 9
2018-05-19 15:03:44,819 INFO Total false negatives: 6

2018-05-19 15:03:44,819 INFO Stream # 32: P-4
2018-05-19 15:03:45,453 INFO normalized prediction error: 0.015616754060268212
2018-05-19 15:03:57,041 INFO TP: 3  FP: 0  FN: 0
2018-05-19 15:03:57,041 INFO Total true positives: 36
2018-05-19 15:03:57,041 INFO Total false positives: 9
2018-05-19 15:03:57,041 INFO Total false negatives: 6

2018-05-19 15:03:57,041 INFO Stream # 33: G-3
2018-05-19 15:03:57,434 INFO normalized prediction error: 0.005209543955346347
2018-05-19 15:04:06,238 INFO TP: 1  FP: 0  FN: 0
2018-05-19 15:04:06,238 INFO Total true positives: 37
2018-05-19 15:04:06,238 INFO Total false positives: 9
2018-05-19 15:04:06,238 INFO Total false negatives: 6

2018-05-19 15:04:06,238 INFO Stream # 34: T-1
2018-05-19 15:04:06,902 INFO normalized prediction error: 0.0524167089835578
2018-05-19 15:04:12,622 INFO TP: 1  FP: 1  FN: 1
2018-05-19 15:04:12,622 INFO Total true positives: 38
2018-05-19 15:04:12,622 INFO Total false positives: 10
2018-05-19 15:04:12,622 INFO Total false negatives: 7

2018-05-19 15:04:12,622 INFO Stream # 35: T-2
2018-05-19 15:04:13,167 INFO normalized prediction error: 0.036359774234898765
2018-05-19 15:04:16,531 INFO TP: 1  FP: 0  FN: 0
2018-05-19 15:04:16,531 INFO Total true positives: 39
2018-05-19 15:04:16,531 INFO Total false positives: 10
2018-05-19 15:04:16,531 INFO Total false negatives: 7

2018-05-19 15:04:16,531 INFO Stream # 36: D-8
2018-05-19 15:04:16,902 INFO normalized prediction error: 0.0018576401400071353
2018-05-19 15:04:26,649 INFO TP: 0  FP: 0  FN: 1
2018-05-19 15:04:26,649 INFO Total true positives: 39
2018-05-19 15:04:26,649 INFO Total false positives: 10
2018-05-19 15:04:26,649 INFO Total false negatives: 8

2018-05-19 15:04:26,649 INFO Stream # 37: D-9
2018-05-19 15:04:27,085 INFO normalized prediction error: 0.01523706802028069
2018-05-19 15:04:32,114 INFO TP: 1  FP: 0  FN: 0
2018-05-19 15:04:32,115 INFO Total true positives: 40
2018-05-19 15:04:32,115 INFO Total false positives: 10
2018-05-19 15:04:32,115 INFO Total false negatives: 8

2018-05-19 15:04:32,115 INFO Stream # 38: F-2
2018-05-19 15:04:32,650 INFO normalized prediction error: 0.04806848229736123
2018-05-19 15:04:42,733 INFO TP: 1  FP: 0  FN: 0
2018-05-19 15:04:42,733 INFO Total true positives: 41
2018-05-19 15:04:42,733 INFO Total false positives: 10
2018-05-19 15:04:42,733 INFO Total false negatives: 8

2018-05-19 15:04:42,733 INFO Stream # 39: G-4
2018-05-19 15:04:43,228 INFO normalized prediction error: 0.007885552142634056
2018-05-19 15:04:48,835 INFO TP: 1  FP: 0  FN: 0
2018-05-19 15:04:48,835 INFO Total true positives: 42
2018-05-19 15:04:48,835 INFO Total false positives: 10
2018-05-19 15:04:48,835 INFO Total false negatives: 8

2018-05-19 15:04:48,836 INFO Stream # 40: T-3
2018-05-19 15:04:49,335 INFO normalized prediction error: 0.004002701140071047
2018-05-19 15:04:59,018 INFO TP: 2  FP: 0  FN: 0
2018-05-19 15:04:59,018 INFO Total true positives: 44
2018-05-19 15:04:59,018 INFO Total false positives: 10
2018-05-19 15:04:59,018 INFO Total false negatives: 8

2018-05-19 15:04:59,019 INFO Stream # 41: D-11
2018-05-19 15:04:59,382 INFO normalized prediction error: 0.014891350619300471
2018-05-19 15:05:03,168 INFO TP: 1  FP: 0  FN: 0
2018-05-19 15:05:03,168 INFO Total true positives: 45
2018-05-19 15:05:03,168 INFO Total false positives: 10
2018-05-19 15:05:03,168 INFO Total false negatives: 8

2018-05-19 15:05:03,168 INFO Stream # 42: D-12
2018-05-19 15:05:03,519 INFO normalized prediction error: 0.08422855544728945
2018-05-19 15:05:09,226 INFO TP: 1  FP: 0  FN: 0
2018-05-19 15:05:09,227 INFO Total true positives: 46
2018-05-19 15:05:09,227 INFO Total false positives: 10
2018-05-19 15:05:09,227 INFO Total false negatives: 8

2018-05-19 15:05:09,227 INFO Stream # 43: B-1
2018-05-19 15:05:09,641 INFO normalized prediction error: 0.04003170643931203
2018-05-19 15:05:16,727 INFO TP: 1  FP: 0  FN: 0
2018-05-19 15:05:16,728 INFO Total true positives: 47
2018-05-19 15:05:16,728 INFO Total false positives: 10
2018-05-19 15:05:16,728 INFO Total false negatives: 8

2018-05-19 15:05:16,728 INFO Stream # 44: G-6
2018-05-19 15:05:17,286 INFO normalized prediction error: 0.0075824219586111945
2018-05-19 15:05:23,570 INFO TP: 1  FP: 0  FN: 0
2018-05-19 15:05:23,570 INFO Total true positives: 48
2018-05-19 15:05:23,570 INFO Total false positives: 10
2018-05-19 15:05:23,571 INFO Total false negatives: 8

2018-05-19 15:05:23,571 INFO Stream # 45: G-7
2018-05-19 15:05:24,220 INFO normalized prediction error: 0.03148384550153588
2018-05-19 15:05:37,663 INFO TP: 3  FP: 0  FN: 0
2018-05-19 15:05:37,663 INFO Total true positives: 51
2018-05-19 15:05:37,663 INFO Total false positives: 10
2018-05-19 15:05:37,663 INFO Total false negatives: 8

2018-05-19 15:05:37,663 INFO Stream # 46: P-7
2018-05-19 15:05:38,102 INFO normalized prediction error: 0.03213461859961625
2018-05-19 15:05:42,720 INFO TP: 1  FP: 0  FN: 0
2018-05-19 15:05:42,721 INFO Total true positives: 52
2018-05-19 15:05:42,721 INFO Total false positives: 10
2018-05-19 15:05:42,721 INFO Total false negatives: 8

2018-05-19 15:05:42,721 INFO Stream # 47: R-1
2018-05-19 15:05:43,232 INFO normalized prediction error: 0.013195227759059215
2018-05-19 15:05:52,260 INFO TP: 1  FP: 0  FN: 0
2018-05-19 15:05:52,260 INFO Total true positives: 53
2018-05-19 15:05:52,260 INFO Total false positives: 10
2018-05-19 15:05:52,260 INFO Total false negatives: 8

2018-05-19 15:05:52,260 INFO Stream # 48: A-5
2018-05-19 15:05:52,496 INFO normalized prediction error: 0.04575839744097326
2018-05-19 15:05:54,674 INFO TP: 1  FP: 0  FN: 0
2018-05-19 15:05:54,674 INFO Total true positives: 54
2018-05-19 15:05:54,675 INFO Total false positives: 10
2018-05-19 15:05:54,675 INFO Total false negatives: 8

2018-05-19 15:05:54,675 INFO Stream # 49: A-6
2018-05-19 15:05:54,914 INFO normalized prediction error: 0.011168296143502867
2018-05-19 15:06:00,045 INFO TP: 1  FP: 0  FN: 0
2018-05-19 15:06:00,045 INFO Total true positives: 55
2018-05-19 15:06:00,045 INFO Total false positives: 10
2018-05-19 15:06:00,045 INFO Total false negatives: 8

2018-05-19 15:06:00,045 INFO Stream # 50: A-7
2018-05-19 15:06:00,503 INFO normalized prediction error: 0.06368913623622875
2018-05-19 15:06:07,846 INFO TP: 1  FP: 0  FN: 0
2018-05-19 15:06:07,847 INFO Total true positives: 56
2018-05-19 15:06:07,847 INFO Total false positives: 10
2018-05-19 15:06:07,847 INFO Total false negatives: 8

2018-05-19 15:06:07,847 INFO Stream # 51: D-13
2018-05-19 15:06:08,236 INFO normalized prediction error: 0.02315986094819957
2018-05-19 15:06:17,954 INFO TP: 1  FP: 0  FN: 0
2018-05-19 15:06:17,954 INFO Total true positives: 57
2018-05-19 15:06:17,954 INFO Total false positives: 10
2018-05-19 15:06:17,954 INFO Total false negatives: 8

2018-05-19 15:06:17,954 INFO Stream # 52: P-2
2018-05-19 15:06:18,377 INFO normalized prediction error: 0.05388438738300663
2018-05-19 15:06:22,342 INFO TP: 1  FP: 0  FN: 0
2018-05-19 15:06:22,342 INFO Total true positives: 58
2018-05-19 15:06:22,342 INFO Total false positives: 10
2018-05-19 15:06:22,342 INFO Total false negatives: 8

2018-05-19 15:06:22,343 INFO Stream # 53: A-8
2018-05-19 15:06:22,808 INFO normalized prediction error: 0.09775068615421302
2018-05-19 15:06:27,332 INFO TP: 1  FP: 0  FN: 0
2018-05-19 15:06:27,332 INFO Total true positives: 59
2018-05-19 15:06:27,332 INFO Total false positives: 10
2018-05-19 15:06:27,332 INFO Total false negatives: 8

2018-05-19 15:06:27,332 INFO Stream # 54: A-9
2018-05-19 15:06:27,692 INFO normalized prediction error: 0.4722489853031575
2018-05-19 15:06:31,831 INFO TP: 0  FP: 0  FN: 1
2018-05-19 15:06:31,831 INFO Total true positives: 59
2018-05-19 15:06:31,831 INFO Total false positives: 10
2018-05-19 15:06:31,831 INFO Total false negatives: 9

2018-05-19 15:06:31,832 INFO Stream # 55: F-3
2018-05-19 15:06:32,351 INFO normalized prediction error: 0.00952716055746532
2018-05-19 15:06:34,613 INFO TP: 0  FP: 0  FN: 1
2018-05-19 15:06:34,613 INFO Total true positives: 59
2018-05-19 15:06:34,613 INFO Total false positives: 10
2018-05-19 15:06:34,613 INFO Total false negatives: 10

2018-05-19 15:06:34,613 INFO Stream # 56: M-6
2018-05-19 15:06:34,964 INFO normalized prediction error: 0.04999435612426536
2018-05-19 15:06:35,201 INFO TP: 1  FP: 0  FN: 0
2018-05-19 15:06:35,201 INFO Total true positives: 60
2018-05-19 15:06:35,201 INFO Total false positives: 10
2018-05-19 15:06:35,201 INFO Total false negatives: 10

2018-05-19 15:06:35,201 INFO Stream # 57: M-1
2018-05-19 15:06:35,568 INFO normalized prediction error: 0.05662120581128838
2018-05-19 15:06:35,600 INFO TP: 0  FP: 0  FN: 1
2018-05-19 15:06:35,600 INFO Total true positives: 60
2018-05-19 15:06:35,601 INFO Total false positives: 10
2018-05-19 15:06:35,601 INFO Total false negatives: 11

2018-05-19 15:06:35,601 INFO Stream # 58: M-2
2018-05-19 15:06:35,997 INFO normalized prediction error: 0.09978750883674312
2018-05-19 15:06:36,030 INFO TP: 0  FP: 0  FN: 1
2018-05-19 15:06:36,030 INFO Total true positives: 60
2018-05-19 15:06:36,030 INFO Total false positives: 10
2018-05-19 15:06:36,030 INFO Total false negatives: 12

2018-05-19 15:06:36,030 INFO Stream # 59: S-2
2018-05-19 15:06:36,227 INFO normalized prediction error: 0.011039677363105389
2018-05-19 15:06:36,415 INFO TP: 1  FP: 0  FN: 0
2018-05-19 15:06:36,415 INFO Total true positives: 61
2018-05-19 15:06:36,416 INFO Total false positives: 10
2018-05-19 15:06:36,416 INFO Total false negatives: 12

2018-05-19 15:06:36,416 INFO Stream # 60: P-10
2018-05-19 15:06:37,659 INFO normalized prediction error: 0.06488967093350409
2018-05-19 15:06:42,224 INFO TP: 1  FP: 0  FN: 0
2018-05-19 15:06:42,224 INFO Total true positives: 62
2018-05-19 15:06:42,224 INFO Total false positives: 10
2018-05-19 15:06:42,224 INFO Total false negatives: 12

2018-05-19 15:06:42,224 INFO Stream # 61: T-4
2018-05-19 15:06:42,701 INFO normalized prediction error: 0.10035521015486792
2018-05-19 15:06:42,765 INFO TP: 0  FP: 0  FN: 1
2018-05-19 15:06:42,766 INFO Total true positives: 62
2018-05-19 15:06:42,766 INFO Total false positives: 10
2018-05-19 15:06:42,766 INFO Total false negatives: 13

2018-05-19 15:06:42,766 INFO Stream # 62: T-5
2018-05-19 15:06:43,184 INFO normalized prediction error: 0.007879819114869588
2018-05-19 15:06:43,420 INFO TP: 1  FP: 0  FN: 0
2018-05-19 15:06:43,421 INFO Total true positives: 63
2018-05-19 15:06:43,421 INFO Total false positives: 10
2018-05-19 15:06:43,421 INFO Total false negatives: 13

2018-05-19 15:06:43,421 INFO Stream # 63: F-7
2018-05-19 15:06:44,130 INFO normalized prediction error: 0.16883712681856822
2018-05-19 15:06:46,078 INFO TP: 2  FP: 1  FN: 1
2018-05-19 15:06:46,078 INFO Total true positives: 65
2018-05-19 15:06:46,078 INFO Total false positives: 11
2018-05-19 15:06:46,078 INFO Total false negatives: 14

2018-05-19 15:06:46,078 INFO Stream # 64: M-3
2018-05-19 15:06:46,536 INFO normalized prediction error: 0.08302027521572335
2018-05-19 15:06:46,724 INFO TP: 1  FP: 0  FN: 0
2018-05-19 15:06:46,724 INFO Total true positives: 66
2018-05-19 15:06:46,724 INFO Total false positives: 11
2018-05-19 15:06:46,724 INFO Total false negatives: 14

2018-05-19 15:06:46,724 INFO Stream # 65: M-4
2018-05-19 15:06:47,085 INFO normalized prediction error: 0.11525886836317294
2018-05-19 15:06:47,285 INFO TP: 1  FP: 0  FN: 0
2018-05-19 15:06:47,285 INFO Total true positives: 67
2018-05-19 15:06:47,285 INFO Total false positives: 11
2018-05-19 15:06:47,285 INFO Total false negatives: 14

2018-05-19 15:06:47,286 INFO Stream # 66: M-5
2018-05-19 15:06:47,687 INFO normalized prediction error: 0.09464712576368162
2018-05-19 15:06:47,862 INFO TP: 1  FP: 0  FN: 0
2018-05-19 15:06:47,862 INFO Total true positives: 68
2018-05-19 15:06:47,862 INFO Total false positives: 11
2018-05-19 15:06:47,862 INFO Total false negatives: 14

2018-05-19 15:06:47,862 INFO Stream # 67: P-15
2018-05-19 15:06:48,476 INFO normalized prediction error: 0.01793275023475692
2018-05-19 15:06:49,658 INFO TP: 1  FP: 0  FN: 0
2018-05-19 15:06:49,658 INFO Total true positives: 69
2018-05-19 15:06:49,658 INFO Total false positives: 11
2018-05-19 15:06:49,659 INFO Total false negatives: 14

2018-05-19 15:06:49,659 INFO Stream # 68: C-1
2018-05-19 15:06:50,072 INFO normalized prediction error: 0.028989685353765903
2018-05-19 15:06:50,240 INFO TP: 1  FP: 0  FN: 1
2018-05-19 15:06:50,240 INFO Total true positives: 70
2018-05-19 15:06:50,240 INFO Total false positives: 11
2018-05-19 15:06:50,240 INFO Total false negatives: 15

2018-05-19 15:06:50,240 INFO Stream # 69: C-2
2018-05-19 15:06:50,441 INFO normalized prediction error: 0.10921942980704025
2018-05-19 15:06:50,601 INFO TP: 1  FP: 0  FN: 1
2018-05-19 15:06:50,601 INFO Total true positives: 71
2018-05-19 15:06:50,601 INFO Total false positives: 11
2018-05-19 15:06:50,602 INFO Total false negatives: 16

2018-05-19 15:06:50,602 INFO Stream # 70: T-12
2018-05-19 15:06:50,832 INFO normalized prediction error: 0.023690647254759965
2018-05-19 15:06:51,058 INFO TP: 1  FP: 0  FN: 0
2018-05-19 15:06:51,058 INFO Total true positives: 72
2018-05-19 15:06:51,058 INFO Total false positives: 11
2018-05-19 15:06:51,058 INFO Total false negatives: 16

2018-05-19 15:06:51,058 INFO Stream # 71: T-13
2018-05-19 15:06:51,392 INFO normalized prediction error: 0.03198340572652695
2018-05-19 15:06:51,456 INFO TP: 0  FP: 0  FN: 2
2018-05-19 15:06:51,456 INFO Total true positives: 72
2018-05-19 15:06:51,456 INFO Total false positives: 11
2018-05-19 15:06:51,456 INFO Total false negatives: 18

2018-05-19 15:06:51,456 INFO Stream # 72: F-4
2018-05-19 15:06:52,004 INFO normalized prediction error: 0.035111640561087426
2018-05-19 15:06:53,924 INFO TP: 1  FP: 0  FN: 0
2018-05-19 15:06:53,924 INFO Total true positives: 73
2018-05-19 15:06:53,925 INFO Total false positives: 11
2018-05-19 15:06:53,925 INFO Total false negatives: 18

2018-05-19 15:06:53,925 INFO Stream # 73: F-5
2018-05-19 15:06:54,569 INFO normalized prediction error: 0.018475877816588944
2018-05-19 15:06:56,915 INFO TP: 1  FP: 0  FN: 0
2018-05-19 15:06:56,915 INFO Total true positives: 74
2018-05-19 15:06:56,915 INFO Total false positives: 11
2018-05-19 15:06:56,915 INFO Total false negatives: 18

2018-05-19 15:06:56,916 INFO Stream # 74: D-14
2018-05-19 15:06:57,478 INFO normalized prediction error: 0.02943187581852857
2018-05-19 15:06:58,103 INFO TP: 1  FP: 0  FN: 1
2018-05-19 15:06:58,103 INFO Total true positives: 75
2018-05-19 15:06:58,103 INFO Total false positives: 11
2018-05-19 15:06:58,103 INFO Total false negatives: 19

2018-05-19 15:06:58,103 INFO Stream # 75: T-9
2018-05-19 15:06:58,222 INFO normalized prediction error: 0.1624373189375822
2018-05-19 15:06:58,235 INFO TP: 0  FP: 0  FN: 2
2018-05-19 15:06:58,235 INFO Total true positives: 75
2018-05-19 15:06:58,235 INFO Total false positives: 11
2018-05-19 15:06:58,235 INFO Total false negatives: 21

2018-05-19 15:06:58,235 INFO Stream # 76: P-14
2018-05-19 15:06:58,953 INFO normalized prediction error: 0.03828416788267899
2018-05-19 15:07:02,067 INFO TP: 1  FP: 0  FN: 0
2018-05-19 15:07:02,067 INFO Total true positives: 76
2018-05-19 15:07:02,067 INFO Total false positives: 11
2018-05-19 15:07:02,067 INFO Total false negatives: 21

2018-05-19 15:07:02,067 INFO Stream # 77: T-8
2018-05-19 15:07:02,283 INFO normalized prediction error: 0.039708037534225554
2018-05-19 15:07:02,504 INFO TP: 2  FP: 0  FN: 0
2018-05-19 15:07:02,505 INFO Total true positives: 78
2018-05-19 15:07:02,505 INFO Total false positives: 11
2018-05-19 15:07:02,505 INFO Total false negatives: 21

2018-05-19 15:07:02,505 INFO Stream # 78: P-11
2018-05-19 15:07:03,228 INFO normalized prediction error: 0.024108411804870465
2018-05-19 15:07:06,012 INFO TP: 2  FP: 0  FN: 0
2018-05-19 15:07:06,012 INFO Total true positives: 80
2018-05-19 15:07:06,012 INFO Total false positives: 11
2018-05-19 15:07:06,012 INFO Total false negatives: 21

2018-05-19 15:07:06,012 INFO Stream # 79: D-15
2018-05-19 15:07:06,389 INFO normalized prediction error: 0.15208771813506827
2018-05-19 15:07:06,561 INFO TP: 1  FP: 0  FN: 0
2018-05-19 15:07:06,562 INFO Total true positives: 81
2018-05-19 15:07:06,562 INFO Total false positives: 11
2018-05-19 15:07:06,562 INFO Total false negatives: 21

2018-05-19 15:07:06,562 INFO Stream # 80: D-16
2018-05-19 15:07:06,866 INFO normalized prediction error: 0.1704966039486326
2018-05-19 15:07:06,992 INFO TP: 1  FP: 0  FN: 0
2018-05-19 15:07:06,992 INFO Total true positives: 82
2018-05-19 15:07:06,992 INFO Total false positives: 11
2018-05-19 15:07:06,992 INFO Total false negatives: 21

2018-05-19 15:07:06,993 INFO Stream # 81: M-7
2018-05-19 15:07:07,313 INFO normalized prediction error: 0.0245076957597478
2018-05-19 15:07:07,594 INFO TP: 1  FP: 0  FN: 0
2018-05-19 15:07:07,594 INFO Total true positives: 83
2018-05-19 15:07:07,594 INFO Total false positives: 11
2018-05-19 15:07:07,594 INFO Total false negatives: 21

2018-05-19 15:07:07,594 INFO Stream # 82: F-8
2018-05-19 15:07:08,159 INFO normalized prediction error: 0.0826735138053849
2018-05-19 15:07:08,512 INFO TP: 1  FP: 0  FN: 0
2018-05-19 15:07:08,512 INFO Total true positives: 84
2018-05-19 15:07:08,513 INFO Total false positives: 11
2018-05-19 15:07:08,513 INFO Total false negatives: 21

2018-05-19 15:07:08,513 INFO Final Totals:
2018-05-19 15:07:08,513 INFO -----------------
2018-05-19 15:07:08,513 INFO True Positives: 84 
2018-05-19 15:07:08,513 INFO False Positives: 11 
2018-05-19 15:07:08,513 INFO False Negatives: 21

2018-05-19 15:07:08,513 INFO Precision: 0.8842105263157894
2018-05-19 15:07:08,514 INFO Recall: 0.8
